d:\mysql-3.23\strings\debug\strtol.obj
d:\mysql-3.23\strings\debug\str2int.obj
d:\mysql-3.23\strings\debug\r_strinstr.obj
d:\mysql-3.23\strings\debug\longlong2str.obj
d:\mysql-3.23\strings\debug\llstr.obj
d:\mysql-3.23\strings\debug\int2str.obj
d:\mysql-3.23\strings\debug\ctype.obj
d:\mysql-3.23\strings\debug\ctype-ujis.obj
d:\mysql-3.23\strings\debug\ctype-tis620.obj
d:\mysql-3.23\strings\debug\ctype-sjis.obj
d:\mysql-3.23\strings\debug\ctype-gbk.obj
d:\mysql-3.23\strings\debug\ctype-gb2312.obj
d:\mysql-3.23\strings\debug\ctype-euc_kr.obj
d:\mysql-3.23\strings\debug\ctype-czech.obj
d:\mysql-3.23\strings\debug\ctype-big5.obj
d:\mysql-3.23\strings\debug\bmove512.obj
d:\mysql-3.23\strings\debug\bfill.obj
d:\mysql-3.23\strings\debug\bcmp.obj
d:\mysql-3.23\strings\debug\bchange.obj
d:\mysql-3.23\strings\debug\atof.obj
d:\mysql-3.23\strings\debug\strxnmov.obj
d:\mysql-3.23\strings\debug\strtoull.obj
d:\mysql-3.23\strings\debug\strtoul.obj
d:\mysql-3.23\strings\debug\strtoll.obj
d:\mysql-3.23\lib_debug\.obj
d:\mysql-3.23\strings\strings.tlog\cl.command.1.tlog
d:\mysql-3.23\strings\strings.tlog\cl.read.1.tlog
d:\mysql-3.23\strings\strings.tlog\cl.write.1.tlog
d:\mysql-3.23\strings\strings.tlog\custombuild.command.1.tlog
d:\mysql-3.23\strings\strings.tlog\custombuild.read.1.tlog
d:\mysql-3.23\strings\strings.tlog\custombuild.write.1.tlog
d:\mysql-3.23\strings\strings.tlog\lib-link.read.1.tlog
d:\mysql-3.23\strings\strings.tlog\lib-link.write.1.tlog
d:\mysql-3.23\strings\strings.tlog\lib.command.1.tlog
